<?xml version="1.0" encoding="UTF-8"?>
<!-- Generated by org.testng.reporters.JUnitXMLReporter -->
<testsuite ignored="0" hostname="LIN20005127" failures="1" tests="1" name="Movie2" time="20.187" errors="0" timestamp="2022-10-22T14:28:59 IST">
  <testcase classname="MovieInformationValidationTest" name="CompareMovieDataFromImdbAndWiki" time="17.113">
    <failure type="java.lang.AssertionError" message="expected [true] but found [false]">
      <![CDATA[java.lang.AssertionError: expected [true] but found [false]
at MovieInformationValidationTest.CompareMovieDataFromImdbAndWiki(MovieInformationValidationTest.java:64)
at java.base/java.util.ArrayList.forEach(ArrayList.java:1511)
... Removed 31 stack frames]]>
    </failure>
  </testcase> <!-- CompareMovieDataFromImdbAndWiki -->
</testsuite> <!-- Movie2 -->
