<?xml version="1.0" encoding="UTF-8"?>
<testng-results ignored="0" total="2" passed="2" failed="0" skipped="0">
  <reporter-output>
  </reporter-output>
  <suite started-at="2022-10-22T00:38:16 IST" name="Assignment" finished-at="2022-10-22T00:38:55 IST" duration-ms="39719">
    <groups>
    </groups>
    <test started-at="2022-10-22T00:38:16 IST" name="Movie1" finished-at="2022-10-22T00:38:39 IST" duration-ms="22927">
      <class name="MovieInformationValidationTest">
        <test-method is-config="true" signature="setup()[pri:0, instance:MovieInformationValidationTest@56620197]" started-at="2022-10-22T00:38:16 IST" name="setup" finished-at="2022-10-22T00:38:23 IST" duration-ms="6855" status="PASS">
          <reporter-output>
          </reporter-output>
        </test-method> <!-- setup -->
        <test-method signature="CompareMovieDataFromImdbAndWiki(java.lang.String)[pri:0, instance:MovieInformationValidationTest@56620197]" started-at="2022-10-22T00:38:23 IST" name="CompareMovieDataFromImdbAndWiki" finished-at="2022-10-22T00:38:38 IST" duration-ms="15730" status="PASS">
          <params>
            <param index="0">
              <value>
                <![CDATA[Pushpa: The Rise - Part 1]]>
              </value>
            </param>
          </params>
          <reporter-output>
          </reporter-output>
        </test-method> <!-- CompareMovieDataFromImdbAndWiki -->
        <test-method is-config="true" signature="tearDown()[pri:0, instance:MovieInformationValidationTest@56620197]" started-at="2022-10-22T00:38:38 IST" name="tearDown" finished-at="2022-10-22T00:38:39 IST" duration-ms="305" status="PASS">
          <reporter-output>
          </reporter-output>
        </test-method> <!-- tearDown -->
      </class> <!-- MovieInformationValidationTest -->
    </test> <!-- Movie1 -->
    <test started-at="2022-10-22T00:38:39 IST" name="Movie2" finished-at="2022-10-22T00:38:55 IST" duration-ms="16751">
      <class name="MovieInformationValidationTest">
        <test-method is-config="true" signature="setup()[pri:0, instance:MovieInformationValidationTest@7e07db1f]" started-at="2022-10-22T00:38:39 IST" name="setup" finished-at="2022-10-22T00:38:40 IST" duration-ms="1800" status="PASS">
          <reporter-output>
          </reporter-output>
        </test-method> <!-- setup -->
        <test-method signature="CompareMovieDataFromImdbAndWiki(java.lang.String)[pri:0, instance:MovieInformationValidationTest@7e07db1f]" started-at="2022-10-22T00:38:40 IST" name="CompareMovieDataFromImdbAndWiki" finished-at="2022-10-22T00:38:55 IST" duration-ms="14701" status="PASS">
          <params>
            <param index="0">
              <value>
                <![CDATA[Krrish 3]]>
              </value>
            </param>
          </params>
          <reporter-output>
          </reporter-output>
        </test-method> <!-- CompareMovieDataFromImdbAndWiki -->
        <test-method is-config="true" signature="tearDown()[pri:0, instance:MovieInformationValidationTest@7e07db1f]" started-at="2022-10-22T00:38:55 IST" name="tearDown" finished-at="2022-10-22T00:38:55 IST" duration-ms="246" status="PASS">
          <reporter-output>
          </reporter-output>
        </test-method> <!-- tearDown -->
      </class> <!-- MovieInformationValidationTest -->
    </test> <!-- Movie2 -->
  </suite> <!-- Assignment -->
</testng-results>
