<?xml version="1.0" encoding="UTF-8"?>
<testng-results ignored="0" total="2" passed="2" failed="0" skipped="0">
  <reporter-output>
  </reporter-output>
  <suite started-at="2022-10-21T22:24:27 IST" name="Assignment" finished-at="2022-10-21T22:25:05 IST" duration-ms="37713">
    <groups>
    </groups>
    <test started-at="2022-10-21T22:24:27 IST" name="Movie1" finished-at="2022-10-21T22:24:49 IST" duration-ms="21073">
      <class name="MovieInformationValidation">
        <test-method is-config="true" signature="setup()[pri:0, instance:MovieInformationValidation@4b45a2f5]" started-at="2022-10-21T22:24:27 IST" name="setup" finished-at="2022-10-21T22:24:32 IST" duration-ms="4096" status="PASS">
          <reporter-output>
          </reporter-output>
        </test-method> <!-- setup -->
        <test-method signature="CompareMovieDataFromImdbAndWiki(java.lang.String)[pri:0, instance:MovieInformationValidation@4b45a2f5]" started-at="2022-10-21T22:24:32 IST" name="CompareMovieDataFromImdbAndWiki" finished-at="2022-10-21T22:24:48 IST" duration-ms="16243" status="PASS">
          <params>
            <param index="0">
              <value>
                <![CDATA[Pushpa: The Rise - Part 1]]>
              </value>
            </param>
          </params>
          <reporter-output>
          </reporter-output>
        </test-method> <!-- CompareMovieDataFromImdbAndWiki -->
        <test-method is-config="true" signature="tearDown()[pri:0, instance:MovieInformationValidation@4b45a2f5]" started-at="2022-10-21T22:24:48 IST" name="tearDown" finished-at="2022-10-21T22:24:49 IST" duration-ms="687" status="PASS">
          <reporter-output>
          </reporter-output>
        </test-method> <!-- tearDown -->
      </class> <!-- MovieInformationValidation -->
    </test> <!-- Movie1 -->
    <test started-at="2022-10-21T22:24:49 IST" name="Movie2" finished-at="2022-10-21T22:25:05 IST" duration-ms="16605">
      <class name="MovieInformationValidation">
        <test-method is-config="true" signature="setup()[pri:0, instance:MovieInformationValidation@72cc7e6f]" started-at="2022-10-21T22:24:49 IST" name="setup" finished-at="2022-10-21T22:24:51 IST" duration-ms="2231" status="PASS">
          <reporter-output>
          </reporter-output>
        </test-method> <!-- setup -->
        <test-method signature="CompareMovieDataFromImdbAndWiki(java.lang.String)[pri:0, instance:MovieInformationValidation@72cc7e6f]" started-at="2022-10-21T22:24:51 IST" name="CompareMovieDataFromImdbAndWiki" finished-at="2022-10-21T22:25:04 IST" duration-ms="13646" status="PASS">
          <params>
            <param index="0">
              <value>
                <![CDATA[Krrish 3]]>
              </value>
            </param>
          </params>
          <reporter-output>
          </reporter-output>
        </test-method> <!-- CompareMovieDataFromImdbAndWiki -->
        <test-method is-config="true" signature="tearDown()[pri:0, instance:MovieInformationValidation@72cc7e6f]" started-at="2022-10-21T22:25:04 IST" name="tearDown" finished-at="2022-10-21T22:25:05 IST" duration-ms="723" status="PASS">
          <reporter-output>
          </reporter-output>
        </test-method> <!-- tearDown -->
      </class> <!-- MovieInformationValidation -->
    </test> <!-- Movie2 -->
  </suite> <!-- Assignment -->
</testng-results>
