<?xml version="1.0" encoding="UTF-8"?>
<!-- Generated by org.testng.reporters.JUnitXMLReporter -->
<testsuite ignored="0" hostname="LIN20005127" failures="1" tests="1" name="Command line test" time="0.037" errors="0" timestamp="2022-10-21T22:59:25 IST">
  <testcase classname="MovieInformationValidationTest" name="CompareMovieDataFromImdbAndWiki" time="0.0">
    <failure type="org.testng.TestNGException" message="
Parameter &amp;apos;Moviename&amp;apos; is required by @Test on method CompareMovieDataFromImdbAndWiki but has not been marked @Optional or defined
">
      <![CDATA[org.testng.TestNGException: 
Parameter 'Moviename' is required by @Test on method CompareMovieDataFromImdbAndWiki but has not been marked @Optional or defined

at java.base/java.util.ArrayList.forEach(ArrayList.java:1511)
... Removed 35 stack frames]]>
    </failure>
  </testcase> <!-- CompareMovieDataFromImdbAndWiki -->
</testsuite> <!-- Command line test -->
